<?xml version="1.0" encoding="UTF-8"?>
<coverage generated="1514986392544" clover="3.2.0">
  <project timestamp="1514986392544" name="All files">
    <metrics statements="176" coveredstatements="127" conditionals="92" coveredconditionals="74" methods="64" coveredmethods="43" elements="332" coveredelements="244" complexity="0" loc="176" ncloc="176" packages="2" files="13" classes="13">
      <package name="src">
        <metrics statements="114" coveredstatements="65" conditionals="53" coveredconditionals="36" methods="44" coveredmethods="23"/>
        <file name="Connection.js" path="/home/builder/projects/ssh-pool/src/Connection.js">
          <metrics statements="82" coveredstatements="34" conditionals="35" coveredconditionals="19" methods="32" coveredmethods="11"/>
          <line num="18" count="2" type="stmt"/>
          <line num="19" count="0" type="stmt"/>
          <line num="20" count="0" type="stmt"/>
          <line num="21" count="0" type="cond" truecount="0" falsecount="2"/>
          <line num="22" count="0" type="stmt"/>
          <line num="26" count="2" type="stmt"/>
          <line num="42" count="10" type="stmt"/>
          <line num="43" count="10" type="stmt"/>
          <line num="44" count="10" type="cond" truecount="1" falsecount="1"/>
          <line num="58" count="3" type="stmt"/>
          <line num="59" count="3" type="cond" truecount="2" falsecount="2"/>
          <line num="60" count="0" type="stmt"/>
          <line num="61" count="0" type="stmt"/>
          <line num="63" count="3" type="stmt"/>
          <line num="64" count="3" type="stmt"/>
          <line num="65" count="3" type="stmt"/>
          <line num="83" count="2" type="stmt"/>
          <line num="86" count="2" type="cond" truecount="1" falsecount="1"/>
          <line num="87" count="0" type="stmt"/>
          <line num="89" count="2" type="stmt"/>
          <line num="105" count="2" type="stmt"/>
          <line num="106" count="2" type="stmt"/>
          <line num="122" count="0" type="stmt"/>
          <line num="123" count="0" type="stmt"/>
          <line num="138" count="0" type="stmt"/>
          <line num="139" count="0" type="stmt"/>
          <line num="140" count="0" type="stmt"/>
          <line num="142" count="0" type="stmt"/>
          <line num="153" count="0" type="stmt"/>
          <line num="155" count="0" type="stmt"/>
          <line num="166" count="0" type="stmt"/>
          <line num="172" count="0" type="stmt"/>
          <line num="178" count="0" type="stmt"/>
          <line num="184" count="0" type="stmt"/>
          <line num="185" count="0" type="stmt"/>
          <line num="186" count="0" type="stmt"/>
          <line num="187" count="0" type="stmt"/>
          <line num="188" count="0" type="stmt"/>
          <line num="189" count="0" type="stmt"/>
          <line num="190" count="0" type="stmt"/>
          <line num="206" count="0" type="stmt"/>
          <line num="207" count="0" type="stmt"/>
          <line num="208" count="0" type="stmt"/>
          <line num="209" count="0" type="stmt"/>
          <line num="211" count="0" type="stmt"/>
          <line num="222" count="0" type="stmt"/>
          <line num="224" count="0" type="stmt"/>
          <line num="231" count="0" type="stmt"/>
          <line num="237" count="0" type="stmt"/>
          <line num="243" count="0" type="stmt"/>
          <line num="249" count="0" type="stmt"/>
          <line num="250" count="0" type="stmt"/>
          <line num="251" count="0" type="stmt"/>
          <line num="252" count="0" type="stmt"/>
          <line num="253" count="0" type="stmt"/>
          <line num="254" count="0" type="stmt"/>
          <line num="255" count="0" type="stmt"/>
          <line num="260" count="3" type="stmt"/>
          <line num="272" count="2" type="stmt"/>
          <line num="274" count="2" type="stmt"/>
          <line num="281" count="2" type="stmt"/>
          <line num="289" count="2" type="stmt"/>
          <line num="293" count="2" type="stmt"/>
          <line num="294" count="2" type="cond" truecount="1" falsecount="1"/>
          <line num="295" count="2" type="stmt"/>
          <line num="299" count="0" type="stmt"/>
          <line num="300" count="0" type="cond" truecount="0" falsecount="2"/>
          <line num="301" count="0" type="stmt"/>
          <line num="305" count="0" type="stmt"/>
          <line num="307" count="0" type="stmt"/>
          <line num="308" count="0" type="stmt"/>
          <line num="322" count="5" type="cond" truecount="2" falsecount="0"/>
          <line num="326" count="5" type="cond" truecount="2" falsecount="0"/>
          <line num="327" count="5" type="cond" truecount="2" falsecount="0"/>
          <line num="329" count="5" type="stmt"/>
          <line num="331" count="5" type="stmt"/>
          <line num="335" count="5" type="cond" truecount="1" falsecount="1"/>
          <line num="336" count="5" type="stmt"/>
          <line num="340" count="5" type="cond" truecount="2" falsecount="0"/>
          <line num="341" count="1" type="stmt"/>
          <line num="345" count="5" type="cond" truecount="2" falsecount="0"/>
          <line num="346" count="1" type="stmt"/>
        </file>
        <file name="ConnectionPool.js" path="/home/builder/projects/ssh-pool/src/ConnectionPool.js">
          <metrics statements="7" coveredstatements="7" conditionals="2" coveredconditionals="2" methods="5" coveredmethods="5"/>
          <line num="13" count="4" type="stmt"/>
          <line num="14" count="8" type="cond" truecount="2" falsecount="0"/>
          <line num="15" count="2" type="stmt"/>
          <line num="21" count="1" type="stmt"/>
          <line num="29" count="6" type="stmt"/>
          <line num="30" count="2" type="stmt"/>
          <line num="31" count="4" type="stmt"/>
        </file>
        <file name="remote.js" path="/home/builder/projects/ssh-pool/src/remote.js">
          <metrics statements="14" coveredstatements="13" conditionals="14" coveredconditionals="13" methods="2" coveredmethods="2"/>
          <line num="4" count="16" type="cond" truecount="4" falsecount="0"/>
          <line num="5" count="15" type="cond" truecount="2" falsecount="0"/>
          <line num="6" count="14" type="cond" truecount="2" falsecount="0"/>
          <line num="8" count="13" type="stmt"/>
          <line num="10" count="13" type="cond" truecount="1" falsecount="1"/>
          <line num="11" count="13" type="stmt"/>
          <line num="12" count="13" type="stmt"/>
          <line num="13" count="13" type="cond" truecount="2" falsecount="0"/>
          <line num="14" count="13" type="cond" truecount="2" falsecount="0"/>
          <line num="15" count="9" type="stmt"/>
          <line num="18" count="9" type="stmt"/>
          <line num="20" count="13" type="stmt"/>
          <line num="23" count="0" type="stmt"/>
          <line num="27" count="7" type="stmt"/>
        </file>
        <file name="util.js" path="/home/builder/projects/ssh-pool/src/util.js">
          <metrics statements="11" coveredstatements="11" conditionals="2" coveredconditionals="2" methods="5" coveredmethods="5"/>
          <line num="2" count="5" type="stmt"/>
          <line num="3" count="2" type="stmt"/>
          <line num="4" count="2" type="stmt"/>
          <line num="5" count="2" type="stmt"/>
          <line num="6" count="4" type="cond" truecount="2" falsecount="0"/>
          <line num="7" count="1" type="stmt"/>
          <line num="8" count="1" type="stmt"/>
          <line num="10" count="3" type="stmt"/>
          <line num="11" count="3" type="stmt"/>
          <line num="13" count="2" type="stmt"/>
          <line num="17" count="12" type="stmt"/>
        </file>
      </package>
      <package name="src.commands">
        <metrics statements="62" coveredstatements="62" conditionals="39" coveredconditionals="38" methods="20" coveredmethods="20"/>
        <file name="cd.js" path="/home/builder/projects/ssh-pool/src/commands/cd.js">
          <metrics statements="3" coveredstatements="3" conditionals="0" coveredconditionals="0" methods="1" coveredmethods="1"/>
          <line num="4" count="2" type="stmt"/>
          <line num="5" count="1" type="stmt"/>
          <line num="6" count="1" type="stmt"/>
        </file>
        <file name="mkdir.js" path="/home/builder/projects/ssh-pool/src/commands/mkdir.js">
          <metrics statements="3" coveredstatements="3" conditionals="0" coveredconditionals="0" methods="1" coveredmethods="1"/>
          <line num="4" count="2" type="stmt"/>
          <line num="5" count="1" type="stmt"/>
          <line num="6" count="1" type="stmt"/>
        </file>
        <file name="raw.js" path="/home/builder/projects/ssh-pool/src/commands/raw.js">
          <metrics statements="9" coveredstatements="9" conditionals="10" coveredconditionals="9" methods="1" coveredmethods="1"/>
          <line num="4" count="3" type="stmt"/>
          <line num="7" count="6" type="stmt"/>
          <line num="8" count="6" type="cond" truecount="2" falsecount="0"/>
          <line num="10" count="6" type="cond" truecount="4" falsecount="0"/>
          <line num="11" count="2" type="cond" truecount="2" falsecount="0"/>
          <line num="12" count="1" type="stmt"/>
          <line num="16" count="2" type="stmt"/>
          <line num="17" count="4" type="cond" truecount="1" falsecount="1"/>
          <line num="18" count="6" type="stmt"/>
        </file>
        <file name="rm.js" path="/home/builder/projects/ssh-pool/src/commands/rm.js">
          <metrics statements="3" coveredstatements="3" conditionals="0" coveredconditionals="0" methods="1" coveredmethods="1"/>
          <line num="4" count="2" type="stmt"/>
          <line num="5" count="1" type="stmt"/>
          <line num="6" count="1" type="stmt"/>
        </file>
        <file name="rsync.js" path="/home/builder/projects/ssh-pool/src/commands/rsync.js">
          <metrics statements="10" coveredstatements="10" conditionals="6" coveredconditionals="6" methods="6" coveredmethods="6"/>
          <line num="5" count="2" type="stmt"/>
          <line num="9" count="1" type="stmt"/>
          <line num="10" count="1" type="stmt"/>
          <line num="22" count="9" type="stmt"/>
          <line num="23" count="6" type="stmt"/>
          <line num="24" count="6" type="cond" truecount="2" falsecount="0"/>
          <line num="25" count="6" type="cond" truecount="2" falsecount="0"/>
          <line num="26" count="6" type="cond" truecount="2" falsecount="0"/>
          <line num="27" count="6" type="stmt"/>
          <line num="28" count="6" type="stmt"/>
        </file>
        <file name="scp.js" path="/home/builder/projects/ssh-pool/src/commands/scp.js">
          <metrics statements="6" coveredstatements="6" conditionals="4" coveredconditionals="4" methods="1" coveredmethods="1"/>
          <line num="4" count="6" type="stmt"/>
          <line num="5" count="3" type="stmt"/>
          <line num="6" count="3" type="cond" truecount="2" falsecount="0"/>
          <line num="7" count="3" type="cond" truecount="2" falsecount="0"/>
          <line num="8" count="3" type="stmt"/>
          <line num="9" count="3" type="stmt"/>
        </file>
        <file name="ssh.js" path="/home/builder/projects/ssh-pool/src/commands/ssh.js">
          <metrics statements="9" coveredstatements="9" conditionals="12" coveredconditionals="12" methods="1" coveredmethods="1"/>
          <line num="4" count="14" type="stmt"/>
          <line num="5" count="14" type="cond" truecount="2" falsecount="0"/>
          <line num="6" count="14" type="cond" truecount="2" falsecount="0"/>
          <line num="7" count="14" type="cond" truecount="2" falsecount="0"/>
          <line num="8" count="14" type="cond" truecount="2" falsecount="0"/>
          <line num="9" count="4" type="stmt"/>
          <line num="10" count="14" type="cond" truecount="2" falsecount="0"/>
          <line num="11" count="14" type="cond" truecount="2" falsecount="0"/>
          <line num="12" count="14" type="stmt"/>
        </file>
        <file name="tar.js" path="/home/builder/projects/ssh-pool/src/commands/tar.js">
          <metrics statements="13" coveredstatements="13" conditionals="5" coveredconditionals="5" methods="3" coveredmethods="3"/>
          <line num="4" count="1" type="stmt"/>
          <line num="5" count="1" type="stmt"/>
          <line num="11" count="9" type="stmt"/>
          <line num="12" count="9" type="cond" truecount="3" falsecount="0"/>
          <line num="14" count="5" type="stmt"/>
          <line num="15" count="2" type="cond" truecount="2" falsecount="0"/>
          <line num="16" count="2" type="stmt"/>
          <line num="17" count="2" type="stmt"/>
          <line num="20" count="2" type="stmt"/>
          <line num="21" count="1" type="stmt"/>
          <line num="22" count="1" type="stmt"/>
          <line num="23" count="1" type="stmt"/>
          <line num="26" count="2" type="stmt"/>
        </file>
        <file name="util.js" path="/home/builder/projects/ssh-pool/src/commands/util.js">
          <metrics statements="6" coveredstatements="6" conditionals="2" coveredconditionals="2" methods="5" coveredmethods="5"/>
          <line num="2" count="9" type="stmt"/>
          <line num="6" count="8" type="stmt"/>
          <line num="10" count="36" type="stmt"/>
          <line num="14" count="29" type="stmt"/>
          <line num="15" count="43" type="cond" truecount="2" falsecount="0"/>
          <line num="16" count="14" type="stmt"/>
        </file>
      </package>
    </metrics>
  </project>
</coverage>
