{"/home/builder/projects/ssh-pool/src/Connection.js": {"path":"/home/builder/projects/ssh-pool/src/Connection.js","statementMap":{"0":{"start":{"line":18,"column":16},"end":{"line":24,"column":3}},"1":{"start":{"line":19,"column":2},"end":{"line":24,"column":3}},"2":{"start":{"line":20,"column":4},"end":{"line":23,"column":6}},"3":{"start":{"line":21,"column":6},"end":{"line":22,"column":24}},"4":{"start":{"line":21,"column":15},"end":{"line":21,"column":26}},"5":{"start":{"line":22,"column":11},"end":{"line":22,"column":24}},"6":{"start":{"line":26,"column":26},"end":{"line":26,"column":52}},"7":{"start":{"line":42,"column":4},"end":{"line":42,"column":26}},"8":{"start":{"line":43,"column":4},"end":{"line":43,"column":45}},"9":{"start":{"line":44,"column":4},"end":{"line":44,"column":51}},"10":{"start":{"line":58,"column":14},"end":{"line":58,"column":23}},"11":{"start":{"line":59,"column":4},"end":{"line":62,"column":5}},"12":{"start":{"line":60,"column":6},"end":{"line":60,"column":79}},"13":{"start":{"line":61,"column":6},"end":{"line":61,"column":16}},"14":{"start":{"line":63,"column":4},"end":{"line":63,"column":69}},"15":{"start":{"line":64,"column":16},"end":{"line":64,"column":54}},"16":{"start":{"line":65,"column":4},"end":{"line":65,"column":43}},"17":{"start":{"line":83,"column":4},"end":{"line":85,"column":5}},"18":{"start":{"line":86,"column":4},"end":{"line":87,"column":56}},"19":{"start":{"line":87,"column":6},"end":{"line":87,"column":56}},"20":{"start":{"line":89,"column":4},"end":{"line":89,"column":52}},"21":{"start":{"line":105,"column":23},"end":{"line":105,"column":61}},"22":{"start":{"line":106,"column":4},"end":{"line":106,"column":51}},"23":{"start":{"line":122,"column":22},"end":{"line":122,"column":59}},"24":{"start":{"line":123,"column":4},"end":{"line":123,"column":51}},"25":{"start":{"line":138,"column":20},"end":{"line":138,"column":72}},"26":{"start":{"line":139,"column":19},"end":{"line":139,"column":36}},"27":{"start":{"line":140,"column":23},"end":{"line":140,"column":61}},"28":{"start":{"line":142,"column":21},"end":{"line":151,"column":6}},"29":{"start":{"line":153,"column":29},"end":{"line":153,"column":65}},"30":{"start":{"line":155,"column":17},"end":{"line":164,"column":6}},"31":{"start":{"line":166,"column":21},"end":{"line":170,"column":6}},"32":{"start":{"line":172,"column":20},"end":{"line":176,"column":6}},"33":{"start":{"line":178,"column":22},"end":{"line":182,"column":6}},"34":{"start":{"line":184,"column":4},"end":{"line":191,"column":6}},"35":{"start":{"line":185,"column":12},"end":{"line":185,"column":49}},"36":{"start":{"line":186,"column":12},"end":{"line":186,"column":50}},"37":{"start":{"line":187,"column":12},"end":{"line":187,"column":45}},"38":{"start":{"line":188,"column":12},"end":{"line":188,"column":49}},"39":{"start":{"line":189,"column":12},"end":{"line":189,"column":41}},"40":{"start":{"line":190,"column":12},"end":{"line":190,"column":43}},"41":{"start":{"line":206,"column":20},"end":{"line":206,"column":72}},"42":{"start":{"line":207,"column":19},"end":{"line":207,"column":36}},"43":{"start":{"line":208,"column":23},"end":{"line":208,"column":49}},"44":{"start":{"line":209,"column":29},"end":{"line":209,"column":73}},"45":{"start":{"line":211,"column":21},"end":{"line":220,"column":6}},"46":{"start":{"line":222,"column":29},"end":{"line":222,"column":65}},"47":{"start":{"line":224,"column":17},"end":{"line":229,"column":6}},"48":{"start":{"line":231,"column":21},"end":{"line":235,"column":6}},"49":{"start":{"line":237,"column":20},"end":{"line":241,"column":6}},"50":{"start":{"line":243,"column":22},"end":{"line":247,"column":6}},"51":{"start":{"line":249,"column":4},"end":{"line":256,"column":6}},"52":{"start":{"line":250,"column":12},"end":{"line":250,"column":42}},"53":{"start":{"line":251,"column":12},"end":{"line":251,"column":57}},"54":{"start":{"line":252,"column":12},"end":{"line":252,"column":45}},"55":{"start":{"line":253,"column":12},"end":{"line":253,"column":42}},"56":{"start":{"line":254,"column":12},"end":{"line":254,"column":48}},"57":{"start":{"line":255,"column":12},"end":{"line":255,"column":50}},"58":{"start":{"line":260,"column":4},"end":{"line":268,"column":6}},"59":{"start":{"line":272,"column":4},"end":{"line":272,"column":54}},"60":{"start":{"line":274,"column":23},"end":{"line":279,"column":6}},"61":{"start":{"line":281,"column":16},"end":{"line":287,"column":6}},"62":{"start":{"line":289,"column":4},"end":{"line":289,"column":43}},"63":{"start":{"line":293,"column":27},"end":{"line":293,"column":57}},"64":{"start":{"line":294,"column":19},"end":{"line":294,"column":70}},"65":{"start":{"line":295,"column":4},"end":{"line":295,"column":43}},"66":{"start":{"line":299,"column":27},"end":{"line":299,"column":57}},"67":{"start":{"line":300,"column":19},"end":{"line":300,"column":74}},"68":{"start":{"line":301,"column":4},"end":{"line":301,"column":43}},"69":{"start":{"line":305,"column":20},"end":{"line":305,"column":39}},"70":{"start":{"line":307,"column":4},"end":{"line":318,"column":5}},"71":{"start":{"line":308,"column":30},"end":{"line":312,"column":7}},"72":{"start":{"line":322,"column":4},"end":{"line":322,"column":51}},"73":{"start":{"line":322,"column":26},"end":{"line":322,"column":51}},"74":{"start":{"line":326,"column":23},"end":{"line":326,"column":52}},"75":{"start":{"line":327,"column":23},"end":{"line":327,"column":52}},"76":{"start":{"line":329,"column":4},"end":{"line":349,"column":6}},"77":{"start":{"line":331,"column":20},"end":{"line":338,"column":7}},"78":{"start":{"line":335,"column":10},"end":{"line":336,"column":71}},"79":{"start":{"line":335,"column":19},"end":{"line":335,"column":30}},"80":{"start":{"line":336,"column":15},"end":{"line":336,"column":71}},"81":{"start":{"line":340,"column":6},"end":{"line":343,"column":27}},"82":{"start":{"line":341,"column":8},"end":{"line":343,"column":27}},"83":{"start":{"line":345,"column":6},"end":{"line":348,"column":27}},"84":{"start":{"line":346,"column":8},"end":{"line":348,"column":27}}},"fnMap":{"0":{"name":"(anonymous_0)","decl":{"start":{"line":18,"column":16},"end":{"line":18,"column":17}},"loc":{"start":{"line":19,"column":2},"end":{"line":24,"column":3}},"line":19},"1":{"name":"(anonymous_1)","decl":{"start":{"line":19,"column":14},"end":{"line":19,"column":15}},"loc":{"start":{"line":20,"column":4},"end":{"line":23,"column":6}},"line":20},"2":{"name":"(anonymous_2)","decl":{"start":{"line":20,"column":26},"end":{"line":20,"column":27}},"loc":{"start":{"line":20,"column":41},"end":{"line":23,"column":5}},"line":20},"3":{"name":"(anonymous_3)","decl":{"start":{"line":40,"column":2},"end":{"line":40,"column":3}},"loc":{"start":{"line":40,"column":28},"end":{"line":45,"column":3}},"line":40},"4":{"name":"(anonymous_4)","decl":{"start":{"line":57,"column":2},"end":{"line":57,"column":3}},"loc":{"start":{"line":57,"column":61},"end":{"line":66,"column":3}},"line":57},"5":{"name":"(anonymous_5)","decl":{"start":{"line":82,"column":2},"end":{"line":82,"column":3}},"loc":{"start":{"line":82,"column":56},"end":{"line":90,"column":3}},"line":82},"6":{"name":"(anonymous_6)","decl":{"start":{"line":104,"column":2},"end":{"line":104,"column":3}},"loc":{"start":{"line":104,"column":41},"end":{"line":107,"column":3}},"line":104},"7":{"name":"(anonymous_7)","decl":{"start":{"line":121,"column":2},"end":{"line":121,"column":3}},"loc":{"start":{"line":121,"column":43},"end":{"line":124,"column":3}},"line":121},"8":{"name":"(anonymous_8)","decl":{"start":{"line":137,"column":2},"end":{"line":137,"column":3}},"loc":{"start":{"line":137,"column":68},"end":{"line":192,"column":3}},"line":137},"9":{"name":"(anonymous_9)","decl":{"start":{"line":185,"column":6},"end":{"line":185,"column":7}},"loc":{"start":{"line":185,"column":12},"end":{"line":185,"column":49}},"line":185},"10":{"name":"(anonymous_10)","decl":{"start":{"line":186,"column":6},"end":{"line":186,"column":7}},"loc":{"start":{"line":186,"column":12},"end":{"line":186,"column":50}},"line":186},"11":{"name":"(anonymous_11)","decl":{"start":{"line":187,"column":6},"end":{"line":187,"column":7}},"loc":{"start":{"line":187,"column":12},"end":{"line":187,"column":45}},"line":187},"12":{"name":"(anonymous_12)","decl":{"start":{"line":188,"column":6},"end":{"line":188,"column":7}},"loc":{"start":{"line":188,"column":12},"end":{"line":188,"column":49}},"line":188},"13":{"name":"(anonymous_13)","decl":{"start":{"line":189,"column":6},"end":{"line":189,"column":7}},"loc":{"start":{"line":189,"column":12},"end":{"line":189,"column":41}},"line":189},"14":{"name":"(anonymous_14)","decl":{"start":{"line":190,"column":6},"end":{"line":190,"column":7}},"loc":{"start":{"line":190,"column":12},"end":{"line":190,"column":43}},"line":190},"15":{"name":"(anonymous_15)","decl":{"start":{"line":205,"column":2},"end":{"line":205,"column":3}},"loc":{"start":{"line":205,"column":70},"end":{"line":257,"column":3}},"line":205},"16":{"name":"(anonymous_16)","decl":{"start":{"line":250,"column":6},"end":{"line":250,"column":7}},"loc":{"start":{"line":250,"column":12},"end":{"line":250,"column":42}},"line":250},"17":{"name":"(anonymous_17)","decl":{"start":{"line":251,"column":6},"end":{"line":251,"column":7}},"loc":{"start":{"line":251,"column":12},"end":{"line":251,"column":57}},"line":251},"18":{"name":"(anonymous_18)","decl":{"start":{"line":252,"column":6},"end":{"line":252,"column":7}},"loc":{"start":{"line":252,"column":12},"end":{"line":252,"column":45}},"line":252},"19":{"name":"(anonymous_19)","decl":{"start":{"line":253,"column":6},"end":{"line":253,"column":7}},"loc":{"start":{"line":253,"column":12},"end":{"line":253,"column":42}},"line":253},"20":{"name":"(anonymous_20)","decl":{"start":{"line":254,"column":6},"end":{"line":254,"column":7}},"loc":{"start":{"line":254,"column":12},"end":{"line":254,"column":48}},"line":254},"21":{"name":"(anonymous_21)","decl":{"start":{"line":255,"column":6},"end":{"line":255,"column":7}},"loc":{"start":{"line":255,"column":12},"end":{"line":255,"column":50}},"line":255},"22":{"name":"(anonymous_22)","decl":{"start":{"line":259,"column":2},"end":{"line":259,"column":3}},"loc":{"start":{"line":259,"column":36},"end":{"line":269,"column":3}},"line":259},"23":{"name":"(anonymous_23)","decl":{"start":{"line":271,"column":2},"end":{"line":271,"column":3}},"loc":{"start":{"line":271,"column":69},"end":{"line":290,"column":3}},"line":271},"24":{"name":"(anonymous_24)","decl":{"start":{"line":292,"column":2},"end":{"line":292,"column":3}},"loc":{"start":{"line":292,"column":45},"end":{"line":296,"column":3}},"line":292},"25":{"name":"(anonymous_25)","decl":{"start":{"line":298,"column":2},"end":{"line":298,"column":3}},"loc":{"start":{"line":298,"column":47},"end":{"line":302,"column":3}},"line":298},"26":{"name":"(anonymous_26)","decl":{"start":{"line":304,"column":2},"end":{"line":304,"column":3}},"loc":{"start":{"line":304,"column":25},"end":{"line":319,"column":3}},"line":304},"27":{"name":"(anonymous_27)","decl":{"start":{"line":308,"column":6},"end":{"line":308,"column":7}},"loc":{"start":{"line":308,"column":30},"end":{"line":312,"column":7}},"line":308},"28":{"name":"(anonymous_28)","decl":{"start":{"line":321,"column":2},"end":{"line":321,"column":3}},"loc":{"start":{"line":321,"column":15},"end":{"line":323,"column":3}},"line":321},"29":{"name":"(anonymous_29)","decl":{"start":{"line":325,"column":2},"end":{"line":325,"column":3}},"loc":{"start":{"line":325,"column":64},"end":{"line":350,"column":3}},"line":325},"30":{"name":"(anonymous_30)","decl":{"start":{"line":329,"column":23},"end":{"line":329,"column":24}},"loc":{"start":{"line":329,"column":44},"end":{"line":349,"column":5}},"line":329},"31":{"name":"(anonymous_31)","decl":{"start":{"line":334,"column":8},"end":{"line":334,"column":9}},"loc":{"start":{"line":334,"column":39},"end":{"line":337,"column":9}},"line":334}},"branchMap":{"0":{"loc":{"start":{"line":21,"column":6},"end":{"line":22,"column":24}},"type":"if","locations":[{"start":{"line":21,"column":6},"end":{"line":22,"column":24}},{"start":{"line":21,"column":6},"end":{"line":22,"column":24}}],"line":21},"1":{"loc":{"start":{"line":40,"column":14},"end":{"line":40,"column":26}},"type":"default-arg","locations":[{"start":{"line":40,"column":24},"end":{"line":40,"column":26}}],"line":40},"2":{"loc":{"start":{"line":44,"column":23},"end":{"line":44,"column":51}},"type":"binary-expr","locations":[{"start":{"line":44,"column":23},"end":{"line":44,"column":39}},{"start":{"line":44,"column":43},"end":{"line":44,"column":51}}],"line":44},"3":{"loc":{"start":{"line":57,"column":21},"end":{"line":57,"column":59}},"type":"default-arg","locations":[{"start":{"line":57,"column":57},"end":{"line":57,"column":59}}],"line":57},"4":{"loc":{"start":{"line":59,"column":4},"end":{"line":62,"column":5}},"type":"if","locations":[{"start":{"line":59,"column":4},"end":{"line":62,"column":5}},{"start":{"line":59,"column":4},"end":{"line":62,"column":5}}],"line":59},"5":{"loc":{"start":{"line":59,"column":8},"end":{"line":59,"column":70}},"type":"binary-expr","locations":[{"start":{"line":59,"column":8},"end":{"line":59,"column":34}},{"start":{"line":59,"column":38},"end":{"line":59,"column":70}}],"line":59},"6":{"loc":{"start":{"line":82,"column":24},"end":{"line":82,"column":54}},"type":"default-arg","locations":[{"start":{"line":82,"column":52},"end":{"line":82,"column":54}}],"line":82},"7":{"loc":{"start":{"line":86,"column":4},"end":{"line":87,"column":56}},"type":"if","locations":[{"start":{"line":86,"column":4},"end":{"line":87,"column":56}},{"start":{"line":86,"column":4},"end":{"line":87,"column":56}}],"line":86},"8":{"loc":{"start":{"line":137,"column":35},"end":{"line":137,"column":66}},"type":"default-arg","locations":[{"start":{"line":137,"column":64},"end":{"line":137,"column":66}}],"line":137},"9":{"loc":{"start":{"line":205,"column":37},"end":{"line":205,"column":68}},"type":"default-arg","locations":[{"start":{"line":205,"column":66},"end":{"line":205,"column":68}}],"line":205},"10":{"loc":{"start":{"line":271,"column":29},"end":{"line":271,"column":67}},"type":"default-arg","locations":[{"start":{"line":271,"column":65},"end":{"line":271,"column":67}}],"line":271},"11":{"loc":{"start":{"line":285,"column":22},"end":{"line":285,"column":65}},"type":"cond-expr","locations":[{"start":{"line":285,"column":50},"end":{"line":285,"column":57}},{"start":{"line":285,"column":60},"end":{"line":285,"column":65}}],"line":285},"12":{"loc":{"start":{"line":294,"column":19},"end":{"line":294,"column":70}},"type":"cond-expr","locations":[{"start":{"line":294,"column":36},"end":{"line":294,"column":50}},{"start":{"line":294,"column":53},"end":{"line":294,"column":70}}],"line":294},"13":{"loc":{"start":{"line":300,"column":19},"end":{"line":300,"column":74}},"type":"cond-expr","locations":[{"start":{"line":300,"column":36},"end":{"line":300,"column":52}},{"start":{"line":300,"column":55},"end":{"line":300,"column":74}}],"line":300},"14":{"loc":{"start":{"line":322,"column":4},"end":{"line":322,"column":51}},"type":"if","locations":[{"start":{"line":322,"column":4},"end":{"line":322,"column":51}},{"start":{"line":322,"column":4},"end":{"line":322,"column":51}}],"line":322},"15":{"loc":{"start":{"line":325,"column":24},"end":{"line":325,"column":62}},"type":"default-arg","locations":[{"start":{"line":325,"column":60},"end":{"line":325,"column":62}}],"line":325},"16":{"loc":{"start":{"line":326,"column":23},"end":{"line":326,"column":52}},"type":"binary-expr","locations":[{"start":{"line":326,"column":23},"end":{"line":326,"column":42}},{"start":{"line":326,"column":46},"end":{"line":326,"column":52}}],"line":326},"17":{"loc":{"start":{"line":327,"column":23},"end":{"line":327,"column":52}},"type":"binary-expr","locations":[{"start":{"line":327,"column":23},"end":{"line":327,"column":42}},{"start":{"line":327,"column":46},"end":{"line":327,"column":52}}],"line":327},"18":{"loc":{"start":{"line":335,"column":10},"end":{"line":336,"column":71}},"type":"if","locations":[{"start":{"line":335,"column":10},"end":{"line":336,"column":71}},{"start":{"line":335,"column":10},"end":{"line":336,"column":71}}],"line":335},"19":{"loc":{"start":{"line":340,"column":6},"end":{"line":343,"column":27}},"type":"if","locations":[{"start":{"line":340,"column":6},"end":{"line":343,"column":27}},{"start":{"line":340,"column":6},"end":{"line":343,"column":27}}],"line":340},"20":{"loc":{"start":{"line":345,"column":6},"end":{"line":348,"column":27}},"type":"if","locations":[{"start":{"line":345,"column":6},"end":{"line":348,"column":27}},{"start":{"line":345,"column":6},"end":{"line":348,"column":27}}],"line":345}},"s":{"0":2,"1":0,"2":0,"3":0,"4":0,"5":0,"6":2,"7":10,"8":10,"9":10,"10":3,"11":3,"12":0,"13":0,"14":3,"15":3,"16":3,"17":2,"18":2,"19":0,"20":2,"21":2,"22":2,"23":0,"24":0,"25":0,"26":0,"27":0,"28":0,"29":0,"30":0,"31":0,"32":0,"33":0,"34":0,"35":0,"36":0,"37":0,"38":0,"39":0,"40":0,"41":0,"42":0,"43":0,"44":0,"45":0,"46":0,"47":0,"48":0,"49":0,"50":0,"51":0,"52":0,"53":0,"54":0,"55":0,"56":0,"57":0,"58":3,"59":2,"60":2,"61":2,"62":2,"63":2,"64":2,"65":2,"66":0,"67":0,"68":0,"69":0,"70":0,"71":0,"72":5,"73":1,"74":5,"75":5,"76":5,"77":5,"78":5,"79":0,"80":5,"81":5,"82":1,"83":5,"84":1},"f":{"0":0,"1":0,"2":0,"3":10,"4":3,"5":2,"6":2,"7":0,"8":0,"9":0,"10":0,"11":0,"12":0,"13":0,"14":0,"15":0,"16":0,"17":0,"18":0,"19":0,"20":0,"21":0,"22":3,"23":2,"24":2,"25":0,"26":0,"27":0,"28":5,"29":5,"30":5,"31":5},"b":{"0":[0,0],"1":[0],"2":[10,0],"3":[1],"4":[0,3],"5":[3,0],"6":[2],"7":[0,2],"8":[0],"9":[0],"10":[0],"11":[0,2],"12":[2,0],"13":[0,0],"14":[1,4],"15":[0],"16":[5,4],"17":[5,4],"18":[0,5],"19":[1,4],"20":[1,4]},"_coverageSchema":"332fd63041d2c1bcb487cc26dd0d5f7d97098a6c","hash":"28b1a201d58c452eec0c6c004660fa76189d978b"}
,"/home/builder/projects/ssh-pool/src/ConnectionPool.js": {"path":"/home/builder/projects/ssh-pool/src/ConnectionPool.js","statementMap":{"0":{"start":{"line":13,"column":4},"end":{"line":16,"column":6}},"1":{"start":{"line":14,"column":6},"end":{"line":14,"column":61}},"2":{"start":{"line":14,"column":44},"end":{"line":14,"column":61}},"3":{"start":{"line":15,"column":6},"end":{"line":15,"column":63}},"4":{"start":{"line":21,"column":1},"end":{"line":34,"column":2}},"5":{"start":{"line":29,"column":2},"end":{"line":33,"column":3}},"6":{"start":{"line":30,"column":4},"end":{"line":32,"column":5}},"7":{"start":{"line":31,"column":41},"end":{"line":31,"column":68}}},"fnMap":{"0":{"name":"(anonymous_0)","decl":{"start":{"line":12,"column":2},"end":{"line":12,"column":3}},"loc":{"start":{"line":12,"column":36},"end":{"line":17,"column":3}},"line":12},"1":{"name":"(anonymous_1)","decl":{"start":{"line":13,"column":39},"end":{"line":13,"column":40}},"loc":{"start":{"line":13,"column":53},"end":{"line":16,"column":5}},"line":13},"2":{"name":"(anonymous_2)","decl":{"start":{"line":28,"column":10},"end":{"line":28,"column":11}},"loc":{"start":{"line":28,"column":20},"end":{"line":34,"column":1}},"line":28},"3":{"name":"(anonymous_3)","decl":{"start":{"line":29,"column":37},"end":{"line":29,"column":38}},"loc":{"start":{"line":29,"column":55},"end":{"line":33,"column":3}},"line":29},"4":{"name":"(anonymous_4)","decl":{"start":{"line":31,"column":27},"end":{"line":31,"column":28}},"loc":{"start":{"line":31,"column":41},"end":{"line":31,"column":68}},"line":31}},"branchMap":{"0":{"loc":{"start":{"line":14,"column":6},"end":{"line":14,"column":61}},"type":"if","locations":[{"start":{"line":14,"column":6},"end":{"line":14,"column":61}},{"start":{"line":14,"column":6},"end":{"line":14,"column":61}}],"line":14}},"s":{"0":4,"1":8,"2":6,"3":2,"4":1,"5":6,"6":2,"7":4},"f":{"0":4,"1":8,"2":6,"3":2,"4":4},"b":{"0":[6,2]},"_coverageSchema":"332fd63041d2c1bcb487cc26dd0d5f7d97098a6c","hash":"cc06d6baead5d4f0f380d63ade22aa46ea615e97"}
,"/home/builder/projects/ssh-pool/src/remote.js": {"path":"/home/builder/projects/ssh-pool/src/remote.js","statementMap":{"0":{"start":{"line":4,"column":2},"end":{"line":4,"column":42}},"1":{"start":{"line":4,"column":29},"end":{"line":4,"column":42}},"2":{"start":{"line":5,"column":2},"end":{"line":5,"column":78}},"3":{"start":{"line":5,"column":34},"end":{"line":5,"column":78}},"4":{"start":{"line":6,"column":2},"end":{"line":6,"column":74}},"5":{"start":{"line":6,"column":21},"end":{"line":6,"column":74}},"6":{"start":{"line":8,"column":18},"end":{"line":8,"column":62}},"7":{"start":{"line":10,"column":2},"end":{"line":21,"column":3}},"8":{"start":{"line":11,"column":37},"end":{"line":11,"column":44}},"9":{"start":{"line":12,"column":20},"end":{"line":12,"column":34}},"10":{"start":{"line":13,"column":4},"end":{"line":13,"column":41}},"11":{"start":{"line":13,"column":14},"end":{"line":13,"column":41}},"12":{"start":{"line":14,"column":4},"end":{"line":19,"column":5}},"13":{"start":{"line":15,"column":6},"end":{"line":17,"column":7}},"14":{"start":{"line":18,"column":6},"end":{"line":18,"column":29}},"15":{"start":{"line":20,"column":4},"end":{"line":20,"column":18}},"16":{"start":{"line":23,"column":2},"end":{"line":23,"column":41}},"17":{"start":{"line":27,"column":2},"end":{"line":27,"column":26}}},"fnMap":{"0":{"name":"parseRemote","decl":{"start":{"line":3,"column":16},"end":{"line":3,"column":27}},"loc":{"start":{"line":3,"column":36},"end":{"line":24,"column":1}},"line":3},"1":{"name":"formatRemote","decl":{"start":{"line":26,"column":16},"end":{"line":26,"column":28}},"loc":{"start":{"line":26,"column":45},"end":{"line":28,"column":1}},"line":26}},"branchMap":{"0":{"loc":{"start":{"line":4,"column":2},"end":{"line":4,"column":42}},"type":"if","locations":[{"start":{"line":4,"column":2},"end":{"line":4,"column":42}},{"start":{"line":4,"column":2},"end":{"line":4,"column":42}}],"line":4},"1":{"loc":{"start":{"line":4,"column":6},"end":{"line":4,"column":27}},"type":"binary-expr","locations":[{"start":{"line":4,"column":6},"end":{"line":4,"column":12}},{"start":{"line":4,"column":16},"end":{"line":4,"column":27}}],"line":4},"2":{"loc":{"start":{"line":5,"column":2},"end":{"line":5,"column":78}},"type":"if","locations":[{"start":{"line":5,"column":2},"end":{"line":5,"column":78}},{"start":{"line":5,"column":2},"end":{"line":5,"column":78}}],"line":5},"3":{"loc":{"start":{"line":6,"column":2},"end":{"line":6,"column":74}},"type":"if","locations":[{"start":{"line":6,"column":2},"end":{"line":6,"column":74}},{"start":{"line":6,"column":2},"end":{"line":6,"column":74}}],"line":6},"4":{"loc":{"start":{"line":10,"column":2},"end":{"line":21,"column":3}},"type":"if","locations":[{"start":{"line":10,"column":2},"end":{"line":21,"column":3}},{"start":{"line":10,"column":2},"end":{"line":21,"column":3}}],"line":10},"5":{"loc":{"start":{"line":13,"column":4},"end":{"line":13,"column":41}},"type":"if","locations":[{"start":{"line":13,"column":4},"end":{"line":13,"column":41}},{"start":{"line":13,"column":4},"end":{"line":13,"column":41}}],"line":13},"6":{"loc":{"start":{"line":14,"column":4},"end":{"line":19,"column":5}},"type":"if","locations":[{"start":{"line":14,"column":4},"end":{"line":19,"column":5}},{"start":{"line":14,"column":4},"end":{"line":19,"column":5}}],"line":14}},"s":{"0":16,"1":1,"2":15,"3":1,"4":14,"5":1,"6":13,"7":13,"8":13,"9":13,"10":13,"11":1,"12":13,"13":9,"14":9,"15":13,"16":0,"17":7},"f":{"0":16,"1":7},"b":{"0":[1,15],"1":[16,15],"2":[1,14],"3":[1,13],"4":[13,0],"5":[1,12],"6":[9,4]},"_coverageSchema":"332fd63041d2c1bcb487cc26dd0d5f7d97098a6c","hash":"79b04f9956986d3f2f42fd6544b57b03710e3c3a"}
,"/home/builder/projects/ssh-pool/src/util.js": {"path":"/home/builder/projects/ssh-pool/src/util.js","statementMap":{"0":{"start":{"line":2,"column":22},"end":{"line":14,"column":4}},"1":{"start":{"line":3,"column":2},"end":{"line":14,"column":4}},"2":{"start":{"line":4,"column":22},"end":{"line":4,"column":32}},"3":{"start":{"line":5,"column":17},"end":{"line":12,"column":5}},"4":{"start":{"line":6,"column":6},"end":{"line":9,"column":7}},"5":{"start":{"line":7,"column":8},"end":{"line":7,"column":24}},"6":{"start":{"line":8,"column":8},"end":{"line":8,"column":14}},"7":{"start":{"line":10,"column":19},"end":{"line":10,"column":36}},"8":{"start":{"line":11,"column":6},"end":{"line":11,"column":69}},"9":{"start":{"line":11,"column":28},"end":{"line":11,"column":54}},"10":{"start":{"line":13,"column":4},"end":{"line":13,"column":12}},"11":{"start":{"line":17,"column":2},"end":{"line":17,"column":51}}},"fnMap":{"0":{"name":"(anonymous_0)","decl":{"start":{"line":2,"column":22},"end":{"line":2,"column":23}},"loc":{"start":{"line":3,"column":2},"end":{"line":14,"column":4}},"line":3},"1":{"name":"(anonymous_1)","decl":{"start":{"line":3,"column":14},"end":{"line":3,"column":15}},"loc":{"start":{"line":3,"column":35},"end":{"line":14,"column":3}},"line":3},"2":{"name":"(anonymous_2)","decl":{"start":{"line":5,"column":17},"end":{"line":5,"column":18}},"loc":{"start":{"line":5,"column":28},"end":{"line":12,"column":5}},"line":5},"3":{"name":"(anonymous_3)","decl":{"start":{"line":11,"column":18},"end":{"line":11,"column":19}},"loc":{"start":{"line":11,"column":28},"end":{"line":11,"column":54}},"line":11},"4":{"name":"deprecateV3","decl":{"start":{"line":16,"column":16},"end":{"line":16,"column":27}},"loc":{"start":{"line":16,"column":37},"end":{"line":18,"column":1}},"line":16}},"branchMap":{"0":{"loc":{"start":{"line":6,"column":6},"end":{"line":9,"column":7}},"type":"if","locations":[{"start":{"line":6,"column":6},"end":{"line":9,"column":7}},{"start":{"line":6,"column":6},"end":{"line":9,"column":7}}],"line":6}},"s":{"0":5,"1":2,"2":2,"3":2,"4":4,"5":1,"6":1,"7":3,"8":3,"9":2,"10":2,"11":12},"f":{"0":2,"1":2,"2":4,"3":2,"4":12},"b":{"0":[1,3]},"_coverageSchema":"332fd63041d2c1bcb487cc26dd0d5f7d97098a6c","hash":"791f472d7aa60cc9f445fa60875d3f39b8fa0685"}
,"/home/builder/projects/ssh-pool/src/commands/cd.js": {"path":"/home/builder/projects/ssh-pool/src/commands/cd.js","statementMap":{"0":{"start":{"line":4,"column":2},"end":{"line":4,"column":43}},"1":{"start":{"line":5,"column":15},"end":{"line":5,"column":29}},"2":{"start":{"line":6,"column":2},"end":{"line":6,"column":30}}},"fnMap":{"0":{"name":"formatCdCommand","decl":{"start":{"line":3,"column":16},"end":{"line":3,"column":31}},"loc":{"start":{"line":3,"column":44},"end":{"line":7,"column":1}},"line":3}},"branchMap":{},"s":{"0":2,"1":1,"2":1},"f":{"0":2},"b":{},"_coverageSchema":"332fd63041d2c1bcb487cc26dd0d5f7d97098a6c","hash":"ecaa78438e2a51c49e2f40f6a5dffe9f986b1a43"}
,"/home/builder/projects/ssh-pool/src/commands/mkdir.js": {"path":"/home/builder/projects/ssh-pool/src/commands/mkdir.js","statementMap":{"0":{"start":{"line":4,"column":2},"end":{"line":4,"column":46}},"1":{"start":{"line":5,"column":15},"end":{"line":5,"column":38}},"2":{"start":{"line":6,"column":2},"end":{"line":6,"column":30}}},"fnMap":{"0":{"name":"formatMkdirCommand","decl":{"start":{"line":3,"column":16},"end":{"line":3,"column":34}},"loc":{"start":{"line":3,"column":47},"end":{"line":7,"column":1}},"line":3}},"branchMap":{},"s":{"0":2,"1":1,"2":1},"f":{"0":2},"b":{},"_coverageSchema":"332fd63041d2c1bcb487cc26dd0d5f7d97098a6c","hash":"3407e0d0037a9d1b71d1ee9ed81c42d84f9a8a78"}
,"/home/builder/projects/ssh-pool/src/commands/raw.js": {"path":"/home/builder/projects/ssh-pool/src/commands/raw.js","statementMap":{"0":{"start":{"line":4,"column":20},"end":{"line":4,"column":28}},"1":{"start":{"line":7,"column":13},"end":{"line":7,"column":15}},"2":{"start":{"line":8,"column":2},"end":{"line":8,"column":52}},"3":{"start":{"line":8,"column":14},"end":{"line":8,"column":52}},"4":{"start":{"line":10,"column":2},"end":{"line":17,"column":47}},"5":{"start":{"line":11,"column":4},"end":{"line":15,"column":5}},"6":{"start":{"line":12,"column":6},"end":{"line":14,"column":7}},"7":{"start":{"line":16,"column":4},"end":{"line":16,"column":54}},"8":{"start":{"line":17,"column":9},"end":{"line":17,"column":47}},"9":{"start":{"line":17,"column":22},"end":{"line":17,"column":47}},"10":{"start":{"line":18,"column":2},"end":{"line":18,"column":30}}},"fnMap":{"0":{"name":"formatRawCommand","decl":{"start":{"line":6,"column":16},"end":{"line":6,"column":32}},"loc":{"start":{"line":6,"column":54},"end":{"line":19,"column":1}},"line":6}},"branchMap":{"0":{"loc":{"start":{"line":8,"column":2},"end":{"line":8,"column":52}},"type":"if","locations":[{"start":{"line":8,"column":2},"end":{"line":8,"column":52}},{"start":{"line":8,"column":2},"end":{"line":8,"column":52}}],"line":8},"1":{"loc":{"start":{"line":10,"column":2},"end":{"line":17,"column":47}},"type":"if","locations":[{"start":{"line":10,"column":2},"end":{"line":17,"column":47}},{"start":{"line":10,"column":2},"end":{"line":17,"column":47}}],"line":10},"2":{"loc":{"start":{"line":10,"column":6},"end":{"line":10,"column":23}},"type":"binary-expr","locations":[{"start":{"line":10,"column":6},"end":{"line":10,"column":12}},{"start":{"line":10,"column":16},"end":{"line":10,"column":23}}],"line":10},"3":{"loc":{"start":{"line":11,"column":4},"end":{"line":15,"column":5}},"type":"if","locations":[{"start":{"line":11,"column":4},"end":{"line":15,"column":5}},{"start":{"line":11,"column":4},"end":{"line":15,"column":5}}],"line":11},"4":{"loc":{"start":{"line":17,"column":9},"end":{"line":17,"column":47}},"type":"if","locations":[{"start":{"line":17,"column":9},"end":{"line":17,"column":47}},{"start":{"line":17,"column":9},"end":{"line":17,"column":47}}],"line":17}},"s":{"0":3,"1":6,"2":6,"3":2,"4":6,"5":2,"6":1,"7":2,"8":4,"9":4,"10":6},"f":{"0":6},"b":{"0":[2,4],"1":[2,4],"2":[6,2],"3":[1,1],"4":[4,0]},"_coverageSchema":"332fd63041d2c1bcb487cc26dd0d5f7d97098a6c","hash":"53ce3b4b177372db0d059184bb07bb9bb7941ad3"}
,"/home/builder/projects/ssh-pool/src/commands/rm.js": {"path":"/home/builder/projects/ssh-pool/src/commands/rm.js","statementMap":{"0":{"start":{"line":4,"column":2},"end":{"line":4,"column":39}},"1":{"start":{"line":5,"column":15},"end":{"line":5,"column":27}},"2":{"start":{"line":6,"column":2},"end":{"line":6,"column":30}}},"fnMap":{"0":{"name":"formatRmCommand","decl":{"start":{"line":3,"column":16},"end":{"line":3,"column":31}},"loc":{"start":{"line":3,"column":42},"end":{"line":7,"column":1}},"line":3}},"branchMap":{},"s":{"0":2,"1":1,"2":1},"f":{"0":2},"b":{},"_coverageSchema":"332fd63041d2c1bcb487cc26dd0d5f7d97098a6c","hash":"e10f1ae877f09f9d31d30b2c66fc0e25e84c2128"}
,"/home/builder/projects/ssh-pool/src/commands/rsync.js": {"path":"/home/builder/projects/ssh-pool/src/commands/rsync.js","statementMap":{"0":{"start":{"line":5,"column":2},"end":{"line":5,"column":71}},"1":{"start":{"line":5,"column":32},"end":{"line":5,"column":70}},"2":{"start":{"line":5,"column":56},"end":{"line":5,"column":69}},"3":{"start":{"line":9,"column":2},"end":{"line":12,"column":3}},"4":{"start":{"line":10,"column":23},"end":{"line":10,"column":61}},"5":{"start":{"line":22,"column":2},"end":{"line":22,"column":54}},"6":{"start":{"line":23,"column":13},"end":{"line":23,"column":49}},"7":{"start":{"line":24,"column":2},"end":{"line":24,"column":57}},"8":{"start":{"line":24,"column":22},"end":{"line":24,"column":57}},"9":{"start":{"line":25,"column":2},"end":{"line":25,"column":61}},"10":{"start":{"line":25,"column":16},"end":{"line":25,"column":61}},"11":{"start":{"line":26,"column":2},"end":{"line":26,"column":70}},"12":{"start":{"line":26,"column":19},"end":{"line":26,"column":70}},"13":{"start":{"line":27,"column":2},"end":{"line":27,"column":29}},"14":{"start":{"line":28,"column":2},"end":{"line":28,"column":30}}},"fnMap":{"0":{"name":"checkRsyncAvailability","decl":{"start":{"line":4,"column":22},"end":{"line":4,"column":44}},"loc":{"start":{"line":4,"column":47},"end":{"line":6,"column":1}},"line":4},"1":{"name":"(anonymous_1)","decl":{"start":{"line":5,"column":21},"end":{"line":5,"column":22}},"loc":{"start":{"line":5,"column":32},"end":{"line":5,"column":70}},"line":5},"2":{"name":"(anonymous_2)","decl":{"start":{"line":5,"column":49},"end":{"line":5,"column":50}},"loc":{"start":{"line":5,"column":56},"end":{"line":5,"column":69}},"line":5},"3":{"name":"formatExcludes","decl":{"start":{"line":8,"column":9},"end":{"line":8,"column":23}},"loc":{"start":{"line":8,"column":34},"end":{"line":13,"column":1}},"line":8},"4":{"name":"(anonymous_4)","decl":{"start":{"line":10,"column":4},"end":{"line":10,"column":5}},"loc":{"start":{"line":10,"column":23},"end":{"line":10,"column":61}},"line":10},"5":{"name":"formatRsyncCommand","decl":{"start":{"line":15,"column":16},"end":{"line":15,"column":34}},"loc":{"start":{"line":21,"column":3},"end":{"line":29,"column":1}},"line":21}},"branchMap":{"0":{"loc":{"start":{"line":24,"column":2},"end":{"line":24,"column":57}},"type":"if","locations":[{"start":{"line":24,"column":2},"end":{"line":24,"column":57}},{"start":{"line":24,"column":2},"end":{"line":24,"column":57}}],"line":24},"1":{"loc":{"start":{"line":25,"column":2},"end":{"line":25,"column":61}},"type":"if","locations":[{"start":{"line":25,"column":2},"end":{"line":25,"column":61}},{"start":{"line":25,"column":2},"end":{"line":25,"column":61}}],"line":25},"2":{"loc":{"start":{"line":26,"column":2},"end":{"line":26,"column":70}},"type":"if","locations":[{"start":{"line":26,"column":2},"end":{"line":26,"column":70}},{"start":{"line":26,"column":2},"end":{"line":26,"column":70}}],"line":26}},"s":{"0":2,"1":2,"2":2,"3":1,"4":1,"5":9,"6":6,"7":6,"8":1,"9":6,"10":1,"11":6,"12":3,"13":6,"14":6},"f":{"0":2,"1":2,"2":2,"3":1,"4":1,"5":9},"b":{"0":[1,5],"1":[1,5],"2":[3,3]},"_coverageSchema":"332fd63041d2c1bcb487cc26dd0d5f7d97098a6c","hash":"f3daba05d6976a7f1c7bf1cf7231e362104dd0bb"}
,"/home/builder/projects/ssh-pool/src/commands/scp.js": {"path":"/home/builder/projects/ssh-pool/src/commands/scp.js","statementMap":{"0":{"start":{"line":4,"column":2},"end":{"line":4,"column":52}},"1":{"start":{"line":5,"column":13},"end":{"line":5,"column":20}},"2":{"start":{"line":6,"column":2},"end":{"line":6,"column":40}},"3":{"start":{"line":6,"column":12},"end":{"line":6,"column":40}},"4":{"start":{"line":7,"column":2},"end":{"line":7,"column":38}},"5":{"start":{"line":7,"column":11},"end":{"line":7,"column":38}},"6":{"start":{"line":8,"column":2},"end":{"line":8,"column":29}},"7":{"start":{"line":9,"column":2},"end":{"line":9,"column":30}}},"fnMap":{"0":{"name":"formatScpCommand","decl":{"start":{"line":3,"column":16},"end":{"line":3,"column":32}},"loc":{"start":{"line":3,"column":59},"end":{"line":10,"column":1}},"line":3}},"branchMap":{"0":{"loc":{"start":{"line":6,"column":2},"end":{"line":6,"column":40}},"type":"if","locations":[{"start":{"line":6,"column":2},"end":{"line":6,"column":40}},{"start":{"line":6,"column":2},"end":{"line":6,"column":40}}],"line":6},"1":{"loc":{"start":{"line":7,"column":2},"end":{"line":7,"column":38}},"type":"if","locations":[{"start":{"line":7,"column":2},"end":{"line":7,"column":38}},{"start":{"line":7,"column":2},"end":{"line":7,"column":38}}],"line":7}},"s":{"0":6,"1":3,"2":3,"3":1,"4":3,"5":1,"6":3,"7":3},"f":{"0":6},"b":{"0":[1,2],"1":[1,2]},"_coverageSchema":"332fd63041d2c1bcb487cc26dd0d5f7d97098a6c","hash":"5af8d894a6cc0577a2feb1ddc0bea03e052318ff"}
,"/home/builder/projects/ssh-pool/src/commands/ssh.js": {"path":"/home/builder/projects/ssh-pool/src/commands/ssh.js","statementMap":{"0":{"start":{"line":4,"column":13},"end":{"line":4,"column":20}},"1":{"start":{"line":5,"column":2},"end":{"line":5,"column":34}},"2":{"start":{"line":5,"column":11},"end":{"line":5,"column":34}},"3":{"start":{"line":6,"column":2},"end":{"line":6,"column":40}},"4":{"start":{"line":6,"column":12},"end":{"line":6,"column":40}},"5":{"start":{"line":7,"column":2},"end":{"line":7,"column":38}},"6":{"start":{"line":7,"column":11},"end":{"line":7,"column":38}},"7":{"start":{"line":8,"column":2},"end":{"line":9,"column":61}},"8":{"start":{"line":9,"column":4},"end":{"line":9,"column":61}},"9":{"start":{"line":10,"column":2},"end":{"line":10,"column":38}},"10":{"start":{"line":10,"column":14},"end":{"line":10,"column":38}},"11":{"start":{"line":11,"column":2},"end":{"line":11,"column":53}},"12":{"start":{"line":11,"column":15},"end":{"line":11,"column":53}},"13":{"start":{"line":12,"column":2},"end":{"line":12,"column":30}}},"fnMap":{"0":{"name":"formatSshCommand","decl":{"start":{"line":3,"column":16},"end":{"line":3,"column":32}},"loc":{"start":{"line":3,"column":78},"end":{"line":13,"column":1}},"line":3}},"branchMap":{"0":{"loc":{"start":{"line":5,"column":2},"end":{"line":5,"column":34}},"type":"if","locations":[{"start":{"line":5,"column":2},"end":{"line":5,"column":34}},{"start":{"line":5,"column":2},"end":{"line":5,"column":34}}],"line":5},"1":{"loc":{"start":{"line":6,"column":2},"end":{"line":6,"column":40}},"type":"if","locations":[{"start":{"line":6,"column":2},"end":{"line":6,"column":40}},{"start":{"line":6,"column":2},"end":{"line":6,"column":40}}],"line":6},"2":{"loc":{"start":{"line":7,"column":2},"end":{"line":7,"column":38}},"type":"if","locations":[{"start":{"line":7,"column":2},"end":{"line":7,"column":38}},{"start":{"line":7,"column":2},"end":{"line":7,"column":38}}],"line":7},"3":{"loc":{"start":{"line":8,"column":2},"end":{"line":9,"column":61}},"type":"if","locations":[{"start":{"line":8,"column":2},"end":{"line":9,"column":61}},{"start":{"line":8,"column":2},"end":{"line":9,"column":61}}],"line":8},"4":{"loc":{"start":{"line":10,"column":2},"end":{"line":10,"column":38}},"type":"if","locations":[{"start":{"line":10,"column":2},"end":{"line":10,"column":38}},{"start":{"line":10,"column":2},"end":{"line":10,"column":38}}],"line":10},"5":{"loc":{"start":{"line":11,"column":2},"end":{"line":11,"column":53}},"type":"if","locations":[{"start":{"line":11,"column":2},"end":{"line":11,"column":53}},{"start":{"line":11,"column":2},"end":{"line":11,"column":53}}],"line":11}},"s":{"0":14,"1":14,"2":1,"3":14,"4":1,"5":14,"6":1,"7":14,"8":4,"9":14,"10":5,"11":14,"12":4,"13":14},"f":{"0":14},"b":{"0":[1,13],"1":[1,13],"2":[1,13],"3":[4,10],"4":[5,9],"5":[4,10]},"_coverageSchema":"332fd63041d2c1bcb487cc26dd0d5f7d97098a6c","hash":"01862bb4e5708a694cee7bd9b24199d7ea27168b"}
,"/home/builder/projects/ssh-pool/src/commands/tar.js": {"path":"/home/builder/projects/ssh-pool/src/commands/tar.js","statementMap":{"0":{"start":{"line":4,"column":2},"end":{"line":7,"column":3}},"1":{"start":{"line":5,"column":23},"end":{"line":5,"column":61}},"2":{"start":{"line":11,"column":13},"end":{"line":11,"column":20}},"3":{"start":{"line":12,"column":2},"end":{"line":29,"column":3}},"4":{"start":{"line":14,"column":6},"end":{"line":14,"column":64}},"5":{"start":{"line":15,"column":6},"end":{"line":15,"column":65}},"6":{"start":{"line":15,"column":20},"end":{"line":15,"column":65}},"7":{"start":{"line":16,"column":6},"end":{"line":16,"column":45}},"8":{"start":{"line":17,"column":6},"end":{"line":17,"column":34}},"9":{"start":{"line":20,"column":6},"end":{"line":20,"column":56}},"10":{"start":{"line":21,"column":6},"end":{"line":21,"column":46}},"11":{"start":{"line":22,"column":6},"end":{"line":22,"column":39}},"12":{"start":{"line":23,"column":6},"end":{"line":23,"column":34}},"13":{"start":{"line":26,"column":6},"end":{"line":28,"column":7}}},"fnMap":{"0":{"name":"formatExcludes","decl":{"start":{"line":3,"column":9},"end":{"line":3,"column":23}},"loc":{"start":{"line":3,"column":34},"end":{"line":8,"column":1}},"line":3},"1":{"name":"(anonymous_1)","decl":{"start":{"line":5,"column":4},"end":{"line":5,"column":5}},"loc":{"start":{"line":5,"column":23},"end":{"line":5,"column":61}},"line":5},"2":{"name":"formatTarCommand","decl":{"start":{"line":10,"column":16},"end":{"line":10,"column":32}},"loc":{"start":{"line":10,"column":68},"end":{"line":30,"column":1}},"line":10}},"branchMap":{"0":{"loc":{"start":{"line":12,"column":2},"end":{"line":29,"column":3}},"type":"switch","locations":[{"start":{"line":13,"column":4},"end":{"line":18,"column":5}},{"start":{"line":19,"column":4},"end":{"line":24,"column":5}},{"start":{"line":25,"column":4},"end":{"line":28,"column":7}}],"line":12},"1":{"loc":{"start":{"line":15,"column":6},"end":{"line":15,"column":65}},"type":"if","locations":[{"start":{"line":15,"column":6},"end":{"line":15,"column":65}},{"start":{"line":15,"column":6},"end":{"line":15,"column":65}}],"line":15}},"s":{"0":1,"1":1,"2":9,"3":9,"4":5,"5":2,"6":1,"7":2,"8":2,"9":2,"10":1,"11":1,"12":1,"13":2},"f":{"0":1,"1":1,"2":9},"b":{"0":[5,2,2],"1":[1,1]},"_coverageSchema":"332fd63041d2c1bcb487cc26dd0d5f7d97098a6c","hash":"99803946389b5b962c2caaf94db9bf0d0f9ccb54"}
,"/home/builder/projects/ssh-pool/src/commands/util.js": {"path":"/home/builder/projects/ssh-pool/src/commands/util.js","statementMap":{"0":{"start":{"line":2,"column":2},"end":{"line":2,"column":37}},"1":{"start":{"line":6,"column":2},"end":{"line":6,"column":38}},"2":{"start":{"line":10,"column":2},"end":{"line":10,"column":23}},"3":{"start":{"line":14,"column":2},"end":{"line":20,"column":4}},"4":{"start":{"line":15,"column":4},"end":{"line":19,"column":5}},"5":{"start":{"line":16,"column":6},"end":{"line":18,"column":7}}},"fnMap":{"0":{"name":"escapeCommand","decl":{"start":{"line":1,"column":16},"end":{"line":1,"column":29}},"loc":{"start":{"line":1,"column":39},"end":{"line":3,"column":1}},"line":1},"1":{"name":"wrapCommand","decl":{"start":{"line":5,"column":16},"end":{"line":5,"column":27}},"loc":{"start":{"line":5,"column":37},"end":{"line":7,"column":1}},"line":5},"2":{"name":"joinCommandArgs","decl":{"start":{"line":9,"column":16},"end":{"line":9,"column":31}},"loc":{"start":{"line":9,"column":38},"end":{"line":11,"column":1}},"line":9},"3":{"name":"requireArgs","decl":{"start":{"line":13,"column":16},"end":{"line":13,"column":27}},"loc":{"start":{"line":13,"column":57},"end":{"line":21,"column":1}},"line":13},"4":{"name":"(anonymous_4)","decl":{"start":{"line":14,"column":23},"end":{"line":14,"column":24}},"loc":{"start":{"line":14,"column":35},"end":{"line":20,"column":3}},"line":14}},"branchMap":{"0":{"loc":{"start":{"line":15,"column":4},"end":{"line":19,"column":5}},"type":"if","locations":[{"start":{"line":15,"column":4},"end":{"line":19,"column":5}},{"start":{"line":15,"column":4},"end":{"line":19,"column":5}}],"line":15}},"s":{"0":9,"1":8,"2":36,"3":29,"4":43,"5":14},"f":{"0":9,"1":8,"2":36,"3":29,"4":43},"b":{"0":[14,29]},"_coverageSchema":"332fd63041d2c1bcb487cc26dd0d5f7d97098a6c","hash":"c6e4a844cfb130fb8df7b1bc12e8abc32322c3fd"}
}
