TN:
SF:/home/builder/projects/ssh-pool/src/Connection.js
FN:18,(anonymous_0)
FN:19,(anonymous_1)
FN:20,(anonymous_2)
FN:40,(anonymous_3)
FN:57,(anonymous_4)
FN:82,(anonymous_5)
FN:104,(anonymous_6)
FN:121,(anonymous_7)
FN:137,(anonymous_8)
FN:185,(anonymous_9)
FN:186,(anonymous_10)
FN:187,(anonymous_11)
FN:188,(anonymous_12)
FN:189,(anonymous_13)
FN:190,(anonymous_14)
FN:205,(anonymous_15)
FN:250,(anonymous_16)
FN:251,(anonymous_17)
FN:252,(anonymous_18)
FN:253,(anonymous_19)
FN:254,(anonymous_20)
FN:255,(anonymous_21)
FN:259,(anonymous_22)
FN:271,(anonymous_23)
FN:292,(anonymous_24)
FN:298,(anonymous_25)
FN:304,(anonymous_26)
FN:308,(anonymous_27)
FN:321,(anonymous_28)
FN:325,(anonymous_29)
FN:329,(anonymous_30)
FN:334,(anonymous_31)
FNF:32
FNH:11
FNDA:0,(anonymous_0)
FNDA:0,(anonymous_1)
FNDA:0,(anonymous_2)
FNDA:10,(anonymous_3)
FNDA:3,(anonymous_4)
FNDA:2,(anonymous_5)
FNDA:2,(anonymous_6)
FNDA:0,(anonymous_7)
FNDA:0,(anonymous_8)
FNDA:0,(anonymous_9)
FNDA:0,(anonymous_10)
FNDA:0,(anonymous_11)
FNDA:0,(anonymous_12)
FNDA:0,(anonymous_13)
FNDA:0,(anonymous_14)
FNDA:0,(anonymous_15)
FNDA:0,(anonymous_16)
FNDA:0,(anonymous_17)
FNDA:0,(anonymous_18)
FNDA:0,(anonymous_19)
FNDA:0,(anonymous_20)
FNDA:0,(anonymous_21)
FNDA:3,(anonymous_22)
FNDA:2,(anonymous_23)
FNDA:2,(anonymous_24)
FNDA:0,(anonymous_25)
FNDA:0,(anonymous_26)
FNDA:0,(anonymous_27)
FNDA:5,(anonymous_28)
FNDA:5,(anonymous_29)
FNDA:5,(anonymous_30)
FNDA:5,(anonymous_31)
DA:18,2
DA:19,0
DA:20,0
DA:21,0
DA:22,0
DA:26,2
DA:42,10
DA:43,10
DA:44,10
DA:58,3
DA:59,3
DA:60,0
DA:61,0
DA:63,3
DA:64,3
DA:65,3
DA:83,2
DA:86,2
DA:87,0
DA:89,2
DA:105,2
DA:106,2
DA:122,0
DA:123,0
DA:138,0
DA:139,0
DA:140,0
DA:142,0
DA:153,0
DA:155,0
DA:166,0
DA:172,0
DA:178,0
DA:184,0
DA:185,0
DA:186,0
DA:187,0
DA:188,0
DA:189,0
DA:190,0
DA:206,0
DA:207,0
DA:208,0
DA:209,0
DA:211,0
DA:222,0
DA:224,0
DA:231,0
DA:237,0
DA:243,0
DA:249,0
DA:250,0
DA:251,0
DA:252,0
DA:253,0
DA:254,0
DA:255,0
DA:260,3
DA:272,2
DA:274,2
DA:281,2
DA:289,2
DA:293,2
DA:294,2
DA:295,2
DA:299,0
DA:300,0
DA:301,0
DA:305,0
DA:307,0
DA:308,0
DA:322,5
DA:326,5
DA:327,5
DA:329,5
DA:331,5
DA:335,5
DA:336,5
DA:340,5
DA:341,1
DA:345,5
DA:346,1
LF:82
LH:34
BRDA:21,0,0,0
BRDA:21,0,1,0
BRDA:40,1,0,0
BRDA:44,2,0,10
BRDA:44,2,1,0
BRDA:57,3,0,1
BRDA:59,4,0,0
BRDA:59,4,1,3
BRDA:59,5,0,3
BRDA:59,5,1,0
BRDA:82,6,0,2
BRDA:86,7,0,0
BRDA:86,7,1,2
BRDA:137,8,0,0
BRDA:205,9,0,0
BRDA:271,10,0,0
BRDA:285,11,0,0
BRDA:285,11,1,2
BRDA:294,12,0,2
BRDA:294,12,1,0
BRDA:300,13,0,0
BRDA:300,13,1,0
BRDA:322,14,0,1
BRDA:322,14,1,4
BRDA:325,15,0,0
BRDA:326,16,0,5
BRDA:326,16,1,4
BRDA:327,17,0,5
BRDA:327,17,1,4
BRDA:335,18,0,0
BRDA:335,18,1,5
BRDA:340,19,0,1
BRDA:340,19,1,4
BRDA:345,20,0,1
BRDA:345,20,1,4
BRF:35
BRH:19
end_of_record
TN:
SF:/home/builder/projects/ssh-pool/src/ConnectionPool.js
FN:12,(anonymous_0)
FN:13,(anonymous_1)
FN:28,(anonymous_2)
FN:29,(anonymous_3)
FN:31,(anonymous_4)
FNF:5
FNH:5
FNDA:4,(anonymous_0)
FNDA:8,(anonymous_1)
FNDA:6,(anonymous_2)
FNDA:2,(anonymous_3)
FNDA:4,(anonymous_4)
DA:13,4
DA:14,8
DA:15,2
DA:21,1
DA:29,6
DA:30,2
DA:31,4
LF:7
LH:7
BRDA:14,0,0,6
BRDA:14,0,1,2
BRF:2
BRH:2
end_of_record
TN:
SF:/home/builder/projects/ssh-pool/src/remote.js
FN:3,parseRemote
FN:26,formatRemote
FNF:2
FNH:2
FNDA:16,parseRemote
FNDA:7,formatRemote
DA:4,16
DA:5,15
DA:6,14
DA:8,13
DA:10,13
DA:11,13
DA:12,13
DA:13,13
DA:14,13
DA:15,9
DA:18,9
DA:20,13
DA:23,0
DA:27,7
LF:14
LH:13
BRDA:4,0,0,1
BRDA:4,0,1,15
BRDA:4,1,0,16
BRDA:4,1,1,15
BRDA:5,2,0,1
BRDA:5,2,1,14
BRDA:6,3,0,1
BRDA:6,3,1,13
BRDA:10,4,0,13
BRDA:10,4,1,0
BRDA:13,5,0,1
BRDA:13,5,1,12
BRDA:14,6,0,9
BRDA:14,6,1,4
BRF:14
BRH:13
end_of_record
TN:
SF:/home/builder/projects/ssh-pool/src/util.js
FN:2,(anonymous_0)
FN:3,(anonymous_1)
FN:5,(anonymous_2)
FN:11,(anonymous_3)
FN:16,deprecateV3
FNF:5
FNH:5
FNDA:2,(anonymous_0)
FNDA:2,(anonymous_1)
FNDA:4,(anonymous_2)
FNDA:2,(anonymous_3)
FNDA:12,deprecateV3
DA:2,5
DA:3,2
DA:4,2
DA:5,2
DA:6,4
DA:7,1
DA:8,1
DA:10,3
DA:11,3
DA:13,2
DA:17,12
LF:11
LH:11
BRDA:6,0,0,1
BRDA:6,0,1,3
BRF:2
BRH:2
end_of_record
TN:
SF:/home/builder/projects/ssh-pool/src/commands/cd.js
FN:3,formatCdCommand
FNF:1
FNH:1
FNDA:2,formatCdCommand
DA:4,2
DA:5,1
DA:6,1
LF:3
LH:3
BRF:0
BRH:0
end_of_record
TN:
SF:/home/builder/projects/ssh-pool/src/commands/mkdir.js
FN:3,formatMkdirCommand
FNF:1
FNH:1
FNDA:2,formatMkdirCommand
DA:4,2
DA:5,1
DA:6,1
LF:3
LH:3
BRF:0
BRH:0
end_of_record
TN:
SF:/home/builder/projects/ssh-pool/src/commands/raw.js
FN:6,formatRawCommand
FNF:1
FNH:1
FNDA:6,formatRawCommand
DA:4,3
DA:7,6
DA:8,6
DA:10,6
DA:11,2
DA:12,1
DA:16,2
DA:17,4
DA:18,6
LF:9
LH:9
BRDA:8,0,0,2
BRDA:8,0,1,4
BRDA:10,1,0,2
BRDA:10,1,1,4
BRDA:10,2,0,6
BRDA:10,2,1,2
BRDA:11,3,0,1
BRDA:11,3,1,1
BRDA:17,4,0,4
BRDA:17,4,1,0
BRF:10
BRH:9
end_of_record
TN:
SF:/home/builder/projects/ssh-pool/src/commands/rm.js
FN:3,formatRmCommand
FNF:1
FNH:1
FNDA:2,formatRmCommand
DA:4,2
DA:5,1
DA:6,1
LF:3
LH:3
BRF:0
BRH:0
end_of_record
TN:
SF:/home/builder/projects/ssh-pool/src/commands/rsync.js
FN:4,checkRsyncAvailability
FN:5,(anonymous_1)
FN:5,(anonymous_2)
FN:8,formatExcludes
FN:10,(anonymous_4)
FN:15,formatRsyncCommand
FNF:6
FNH:6
FNDA:2,checkRsyncAvailability
FNDA:2,(anonymous_1)
FNDA:2,(anonymous_2)
FNDA:1,formatExcludes
FNDA:1,(anonymous_4)
FNDA:9,formatRsyncCommand
DA:5,2
DA:9,1
DA:10,1
DA:22,9
DA:23,6
DA:24,6
DA:25,6
DA:26,6
DA:27,6
DA:28,6
LF:10
LH:10
BRDA:24,0,0,1
BRDA:24,0,1,5
BRDA:25,1,0,1
BRDA:25,1,1,5
BRDA:26,2,0,3
BRDA:26,2,1,3
BRF:6
BRH:6
end_of_record
TN:
SF:/home/builder/projects/ssh-pool/src/commands/scp.js
FN:3,formatScpCommand
FNF:1
FNH:1
FNDA:6,formatScpCommand
DA:4,6
DA:5,3
DA:6,3
DA:7,3
DA:8,3
DA:9,3
LF:6
LH:6
BRDA:6,0,0,1
BRDA:6,0,1,2
BRDA:7,1,0,1
BRDA:7,1,1,2
BRF:4
BRH:4
end_of_record
TN:
SF:/home/builder/projects/ssh-pool/src/commands/ssh.js
FN:3,formatSshCommand
FNF:1
FNH:1
FNDA:14,formatSshCommand
DA:4,14
DA:5,14
DA:6,14
DA:7,14
DA:8,14
DA:9,4
DA:10,14
DA:11,14
DA:12,14
LF:9
LH:9
BRDA:5,0,0,1
BRDA:5,0,1,13
BRDA:6,1,0,1
BRDA:6,1,1,13
BRDA:7,2,0,1
BRDA:7,2,1,13
BRDA:8,3,0,4
BRDA:8,3,1,10
BRDA:10,4,0,5
BRDA:10,4,1,9
BRDA:11,5,0,4
BRDA:11,5,1,10
BRF:12
BRH:12
end_of_record
TN:
SF:/home/builder/projects/ssh-pool/src/commands/tar.js
FN:3,formatExcludes
FN:5,(anonymous_1)
FN:10,formatTarCommand
FNF:3
FNH:3
FNDA:1,formatExcludes
FNDA:1,(anonymous_1)
FNDA:9,formatTarCommand
DA:4,1
DA:5,1
DA:11,9
DA:12,9
DA:14,5
DA:15,2
DA:16,2
DA:17,2
DA:20,2
DA:21,1
DA:22,1
DA:23,1
DA:26,2
LF:13
LH:13
BRDA:12,0,0,5
BRDA:12,0,1,2
BRDA:12,0,2,2
BRDA:15,1,0,1
BRDA:15,1,1,1
BRF:5
BRH:5
end_of_record
TN:
SF:/home/builder/projects/ssh-pool/src/commands/util.js
FN:1,escapeCommand
FN:5,wrapCommand
FN:9,joinCommandArgs
FN:13,requireArgs
FN:14,(anonymous_4)
FNF:5
FNH:5
FNDA:9,escapeCommand
FNDA:8,wrapCommand
FNDA:36,joinCommandArgs
FNDA:29,requireArgs
FNDA:43,(anonymous_4)
DA:2,9
DA:6,8
DA:10,36
DA:14,29
DA:15,43
DA:16,14
LF:6
LH:6
BRDA:15,0,0,14
BRDA:15,0,1,29
BRF:2
BRH:2
end_of_record
